library/build/outputs/logs/manifest-merger-main-report.txt
-- Merging decision tree log ---
manifest
ADDED from src/androidMain/AndroidManifest.xml:2:1-13
INJECTED from src/androidMain/AndroidManifest.xml:2:1-13
	package
		INJECTED from src/androidMain/AndroidManifest.xml
uses-sdk
INJECTED from src/androidMain/AndroidManifest.xml reason: use-sdk injection requested
INJECTED from src/androidMain/AndroidManifest.xml
	android:minSdkVersion
		INJECTED from src/androidMain/AndroidManifest.xml